2025-12-04 06:30:34,024 - INFO - Starting polling.
2025-12-04 06:31:38,371 - INFO - Starting polling.
2025-12-04 06:35:40,540 - INFO - Бот запущен
2025-12-04 06:35:40,540 - INFO - Starting polling.
2025-12-04 06:35:45,017 - ERROR - Exception while dispatching event!
Traceback (most recent call last):
  File "C:\Users\Vlad\Desktop\VKTeams bot\VK_bot_venv\lib\site-packages\bot\dispatcher.py", line 25, in dispatch
    handler.handle(event=event, dispatcher=self)
  File "C:\Users\Vlad\Desktop\VKTeams bot\VK_bot_venv\lib\site-packages\bot\handler.py", line 23, in handle
    self.callback(bot=dispatcher.bot, event=event)
  File "c:\Users\Vlad\Desktop\VKTeams bot\vkteams_bot.py", line 14, in message_cb
    logging.info(f"Получено сообщение от {chat_id: {msg_user}}")
ValueError: Unknown format code 'q' for object of type 'str'
2025-12-04 06:36:14,638 - ERROR - Exception while dispatching event!
Traceback (most recent call last):
  File "C:\Users\Vlad\Desktop\VKTeams bot\VK_bot_venv\lib\site-packages\bot\dispatcher.py", line 25, in dispatch
    handler.handle(event=event, dispatcher=self)
  File "C:\Users\Vlad\Desktop\VKTeams bot\VK_bot_venv\lib\site-packages\bot\handler.py", line 23, in handle
    self.callback(bot=dispatcher.bot, event=event)
  File "c:\Users\Vlad\Desktop\VKTeams bot\vkteams_bot.py", line 14, in message_cb
    logging.info(f"Получено сообщение от {chat_id: {msg_user}}")
ValueError: Invalid format specifier
2025-12-04 06:36:21,014 - ERROR - Exception while dispatching event!
Traceback (most recent call last):
  File "C:\Users\Vlad\Desktop\VKTeams bot\VK_bot_venv\lib\site-packages\bot\dispatcher.py", line 25, in dispatch
    handler.handle(event=event, dispatcher=self)
  File "C:\Users\Vlad\Desktop\VKTeams bot\VK_bot_venv\lib\site-packages\bot\handler.py", line 23, in handle
    self.callback(bot=dispatcher.bot, event=event)
  File "c:\Users\Vlad\Desktop\VKTeams bot\vkteams_bot.py", line 14, in message_cb
    logging.info(f"Получено сообщение от {chat_id: {msg_user}}")
ValueError: Invalid format specifier
2025-12-04 06:36:23,395 - ERROR - Exception while dispatching event!
Traceback (most recent call last):
  File "C:\Users\Vlad\Desktop\VKTeams bot\VK_bot_venv\lib\site-packages\bot\dispatcher.py", line 25, in dispatch
    handler.handle(event=event, dispatcher=self)
  File "C:\Users\Vlad\Desktop\VKTeams bot\VK_bot_venv\lib\site-packages\bot\handler.py", line 23, in handle
    self.callback(bot=dispatcher.bot, event=event)
  File "c:\Users\Vlad\Desktop\VKTeams bot\vkteams_bot.py", line 14, in message_cb
    logging.info(f"Получено сообщение от {chat_id: {msg_user}}")
ValueError: Invalid format specifier
2025-12-04 06:37:14,253 - INFO - Бот запущен
2025-12-04 06:37:14,253 - INFO - Starting polling.
2025-12-04 06:37:20,251 - INFO - Получено сообщение от v.penkov@ayanation.bizml.ru: попа
2025-12-04 07:03:41,622 - INFO - Бот запущен
2025-12-04 07:03:41,622 - INFO - Starting polling.
2025-12-04 07:04:29,022 - INFO - Получено сообщение от v.penkov@ayanation.bizml.ru: "/start"
2025-12-04 07:04:29,182 - INFO - Получено сообщение от v.penkov@ayanation.bizml.ru: "/start"
2025-12-04 07:07:17,815 - INFO - Бот запущен
2025-12-04 07:07:17,816 - INFO - Starting polling.
2025-12-04 07:07:20,275 - INFO - Получено сообщение от v.penkov@ayanation.bizml.ru: "q"
2025-12-04 07:07:24,800 - INFO - Получено сообщение от v.penkov@ayanation.bizml.ru: "/start"
2025-12-04 07:07:44,930 - INFO - Получено сообщение от v.penkov@ayanation.bizml.ru: "start"
2025-12-04 07:08:24,637 - INFO - Бот запущен
2025-12-04 07:08:24,637 - INFO - Starting polling.
2025-12-04 07:08:28,627 - INFO - Получено сообщение от v.penkov@ayanation.bizml.ru: "start"
2025-12-04 07:08:33,457 - INFO - Получено сообщение от v.penkov@ayanation.bizml.ru: "/start"
2025-12-04 07:08:33,582 - INFO - Получено сообщение от v.penkov@ayanation.bizml.ru: "/start"
2025-12-04 07:09:30,583 - INFO - Получено сообщение от v.penkov@ayanation.bizml.ru: "fdf/d"
2025-12-04 07:12:17,646 - INFO - Бот запущен
2025-12-04 07:12:17,646 - INFO - Starting polling.
2025-12-04 07:12:33,357 - INFO - Получено сообщение от v.penkov@ayanation.bizml.ru: "вау"
2025-12-04 07:12:37,020 - INFO - Получено сообщение от v.penkov@ayanation.bizml.ru: "/start"
2025-12-04 07:12:37,228 - INFO - Получено сообщение от v.penkov@ayanation.bizml.ru: "/start"
2025-12-04 07:12:45,975 - INFO - Получено сообщение от v.penkov@ayanation.bizml.ru: "ffd/d"
2025-12-04 07:17:41,006 - INFO - Бот запущен
2025-12-04 07:17:41,006 - INFO - Starting polling.
2025-12-04 07:17:50,922 - INFO - Получено сообщение от v.penkov@ayanation.bizml.ru: "/start"
2025-12-04 07:17:51,067 - INFO - Получено сообщение от v.penkov@ayanation.bizml.ru: "/start"
2025-12-04 07:18:16,826 - INFO - Бот запущен
2025-12-04 07:18:16,827 - INFO - Starting polling.
2025-12-04 07:18:19,870 - INFO - Получено сообщение от v.penkov@ayanation.bizml.ru: "/start"
2025-12-04 07:18:19,998 - INFO - Получено сообщение от v.penkov@ayanation.bizml.ru: "/start"
2025-12-04 07:19:15,778 - INFO - Бот запущен
2025-12-04 07:19:15,778 - INFO - Starting polling.
2025-12-04 07:19:26,891 - INFO - Получено сообщение от v.penkov@ayanation.bizml.ru: "/start"
2025-12-04 07:19:27,040 - INFO - Получено сообщение от v.penkov@ayanation.bizml.ru: "/start"
2025-12-04 07:19:30,882 - INFO - Получено сообщение от v.penkov@ayanation.bizml.ru: "/hdfg"
2025-12-04 07:19:34,873 - INFO - Получено сообщение от v.penkov@ayanation.bizml.ru: "/start"
2025-12-04 07:19:35,001 - INFO - Получено сообщение от v.penkov@ayanation.bizml.ru: "/start"
2025-12-04 07:21:08,886 - INFO - Получено сообщение от v.penkov@ayanation.bizml.ru: "f"
2025-12-04 07:33:46,318 - INFO - Бот запущен
2025-12-04 07:33:46,318 - INFO - Starting polling.
2025-12-04 07:33:59,376 - INFO - Получено сообщение от v.penkov@ayanation.bizml.ru: "/start"
2025-12-04 07:33:59,510 - INFO - Получено сообщение от v.penkov@ayanation.bizml.ru: "/start"
2025-12-04 07:37:19,939 - INFO - Бот запущен
2025-12-04 07:37:19,940 - INFO - Starting polling.
2025-12-04 07:37:31,449 - INFO - Получено сообщение от v.penkov@ayanation.bizml.ru: "/start"
2025-12-04 07:37:31,585 - INFO - Получено сообщение от v.penkov@ayanation.bizml.ru: "/start"
2025-12-04 07:40:00,157 - INFO - Бот запущен
2025-12-04 07:40:00,159 - INFO - Starting polling.
2025-12-04 07:40:14,068 - INFO - Получено сообщение от v.penkov@ayanation.bizml.ru: "/start"
2025-12-04 07:40:14,656 - INFO - Получено сообщение от v.penkov@ayanation.bizml.ru: "/start"
2025-12-04 07:40:18,654 - INFO - Получено сообщение от v.penkov@ayanation.bizml.ru: "f"
2025-12-04 07:41:30,166 - INFO - Бот запущен
2025-12-04 07:41:30,166 - INFO - Starting polling.
2025-12-04 07:41:32,974 - INFO - Получено сообщение от v.penkov@ayanation.bizml.ru: "f"
2025-12-04 07:41:35,526 - INFO - Получено сообщение от v.penkov@ayanation.bizml.ru: "/start"
2025-12-04 07:41:35,653 - INFO - Получено сообщение от v.penkov@ayanation.bizml.ru: "/start"
2025-12-04 07:57:01,307 - INFO - Бот запущен
2025-12-04 07:57:01,307 - INFO - Starting polling.
2025-12-04 07:57:19,041 - INFO - Получено сообщение от v.penkov@ayanation.bizml.ru: "/start"
2025-12-04 07:57:19,197 - INFO - Получено сообщение от v.penkov@ayanation.bizml.ru: "/start"
2025-12-04 07:57:24,741 - ERROR - Exception while dispatching event!
Traceback (most recent call last):
  File "C:\Users\Vlad\Desktop\VKTeams bot\VK_bot_venv\lib\site-packages\bot\dispatcher.py", line 25, in dispatch
    handler.handle(event=event, dispatcher=self)
  File "C:\Users\Vlad\Desktop\VKTeams bot\VK_bot_venv\lib\site-packages\bot\handler.py", line 23, in handle
    self.callback(bot=dispatcher.bot, event=event)
  File "c:\Users\Vlad\Desktop\VKTeams bot\vkteams_bot.py", line 51, in buttons_answer_cb
    bot.answer_callback_query(
TypeError: Bot.answer_callback_query() got an unexpected keyword argument 'parseMode'
2025-12-04 07:57:53,272 - INFO - Бот запущен
2025-12-04 07:57:53,272 - INFO - Starting polling.
2025-12-04 07:58:02,784 - ERROR - Exception while dispatching event!
Traceback (most recent call last):
  File "C:\Users\Vlad\Desktop\VKTeams bot\VK_bot_venv\lib\site-packages\bot\dispatcher.py", line 25, in dispatch
    handler.handle(event=event, dispatcher=self)
  File "C:\Users\Vlad\Desktop\VKTeams bot\VK_bot_venv\lib\site-packages\bot\handler.py", line 23, in handle
    self.callback(bot=dispatcher.bot, event=event)
  File "c:\Users\Vlad\Desktop\VKTeams bot\vkteams_bot.py", line 51, in buttons_answer_cb
    bot.answer_callback_query(
TypeError: Bot.answer_callback_query() got an unexpected keyword argument 'parseMode'
2025-12-04 07:58:36,188 - INFO - Бот запущен
2025-12-04 07:58:36,188 - INFO - Starting polling.
2025-12-04 07:58:37,970 - INFO - Получено сообщение от v.penkov@ayanation.bizml.ru: "/start"
2025-12-04 07:58:38,140 - INFO - Получено сообщение от v.penkov@ayanation.bizml.ru: "/start"
2025-12-04 08:00:14,319 - INFO - Бот запущен
2025-12-04 08:00:14,320 - INFO - Starting polling.
2025-12-04 08:00:18,234 - INFO - Получено сообщение от v.penkov@ayanation.bizml.ru: "/start"
2025-12-04 08:00:18,480 - INFO - Получено сообщение от v.penkov@ayanation.bizml.ru: "/start"
2025-12-04 08:01:21,853 - INFO - Бот запущен
2025-12-04 08:01:21,853 - INFO - Starting polling.
2025-12-04 08:01:27,428 - INFO - Получено сообщение от v.penkov@ayanation.bizml.ru: "/start"
2025-12-04 08:01:27,567 - INFO - Получено сообщение от v.penkov@ayanation.bizml.ru: "/start"
2025-12-04 08:05:54,697 - INFO - Бот запущен
2025-12-04 08:05:54,697 - INFO - Starting polling.
2025-12-04 08:05:57,403 - INFO - Получено сообщение от v.penkov@ayanation.bizml.ru: "/start"
2025-12-04 08:05:57,640 - INFO - Получено сообщение от v.penkov@ayanation.bizml.ru: "/start"
2025-12-04 08:08:33,828 - INFO - Получено сообщение от v.penkov@ayanation.bizml.ru: "/start"
2025-12-04 08:08:33,972 - INFO - Получено сообщение от v.penkov@ayanation.bizml.ru: "/start"
2025-12-04 08:11:18,134 - INFO - Бот запущен
2025-12-04 08:11:18,135 - INFO - Starting polling.
2025-12-04 08:11:24,119 - INFO - Получено сообщение от v.penkov@ayanation.bizml.ru: "/start"
2025-12-04 08:11:24,294 - INFO - Получено сообщение от v.penkov@ayanation.bizml.ru: "/start"
2025-12-04 08:11:25,723 - INFO - call_back_task_today
2025-12-04 08:11:36,107 - INFO - call_back_id_2
2025-12-04 08:11:37,389 - INFO - call_back_id_3
2025-12-04 08:11:38,984 - INFO - call_back_id_4
2025-12-04 08:11:40,930 - INFO - call_back_id_5
2025-12-04 08:11:42,957 - INFO - call_back_task_today
2025-12-04 08:11:43,267 - INFO - call_back_task_today
2025-12-04 08:11:52,800 - INFO - call_back_id_2
2025-12-04 08:11:52,910 - INFO - call_back_id_2
2025-12-04 08:11:53,539 - INFO - call_back_id_3
2025-12-04 08:11:56,839 - INFO - call_back_id_4
2025-12-04 08:12:03,706 - INFO - call_back_id_5
2025-12-04 08:12:05,080 - INFO - call_back_task_today
2025-12-04 08:12:05,462 - INFO - call_back_task_today
2025-12-04 08:12:09,391 - INFO - call_back_id_2
2025-12-04 08:12:10,191 - INFO - call_back_id_3
2025-12-04 08:15:12,748 - INFO - Бот запущен
2025-12-04 08:15:12,748 - INFO - Starting polling.
2025-12-04 08:15:32,629 - INFO - Получено сообщение от v.penkov@ayanation.bizml.ru: "/start"
2025-12-04 08:15:32,815 - INFO - Получено сообщение от v.penkov@ayanation.bizml.ru: "/start"
2025-12-04 08:15:34,531 - INFO - call_back_task_today
2025-12-04 08:15:34,531 - ERROR - Exception while dispatching event!
Traceback (most recent call last):
  File "C:\Users\Vlad\Desktop\VKTeams bot\VK_bot_venv\lib\site-packages\bot\dispatcher.py", line 25, in dispatch
    handler.handle(event=event, dispatcher=self)
  File "C:\Users\Vlad\Desktop\VKTeams bot\VK_bot_venv\lib\site-packages\bot\handler.py", line 23, in handle
    self.callback(bot=dispatcher.bot, event=event)
  File "c:\Users\Vlad\Desktop\VKTeams bot\vkteams_bot.py", line 54, in buttons_answer_cb
    bot.send_text(chat_id=event.from_chat,
TypeError: Bot.send_text() got an unexpected keyword argument 'parseMode'
2025-12-04 08:16:46,653 - INFO - Бот запущен
2025-12-04 08:16:46,653 - INFO - Starting polling.
2025-12-04 08:17:14,931 - INFO - Получено сообщение от v.penkov@ayanation.bizml.ru: "/start"
2025-12-04 08:17:15,141 - INFO - Получено сообщение от v.penkov@ayanation.bizml.ru: "/start"
2025-12-04 08:17:16,499 - INFO - call_back_task_today
2025-12-04 08:17:34,698 - INFO - call_back_task_today
2025-12-04 08:17:38,160 - INFO - call_back_id_2
2025-12-04 08:17:51,710 - INFO - Получено сообщение от v.penkov@ayanation.bizml.ru: "/start"
2025-12-04 08:17:51,887 - INFO - Получено сообщение от v.penkov@ayanation.bizml.ru: "/start"
2025-12-04 08:30:55,484 - INFO - Бот запущен
2025-12-04 08:30:55,485 - INFO - Starting polling.
2025-12-04 08:31:21,022 - INFO - Получено сообщение от v.penkov@ayanation.bizml.ru: "/start"
2025-12-04 08:31:21,233 - INFO - Получено сообщение от v.penkov@ayanation.bizml.ru: "/start"
2025-12-04 08:31:24,513 - INFO - calendar
2025-12-04 08:31:24,513 - ERROR - Exception while dispatching event!
Traceback (most recent call last):
  File "C:\Users\Vlad\Desktop\VKTeams bot\VK_bot_venv\lib\site-packages\bot\dispatcher.py", line 25, in dispatch
    handler.handle(event=event, dispatcher=self)
  File "C:\Users\Vlad\Desktop\VKTeams bot\VK_bot_venv\lib\site-packages\bot\handler.py", line 23, in handle
    self.callback(bot=dispatcher.bot, event=event)
  File "c:\Users\Vlad\Desktop\VKTeams bot\vkteams_bot.py", line 84, in buttons_answer_cb
    inline_keyboard_markup = {}.json.dumps([{"text": "->", "callbackData": "next_days_in_week_1", 'style': "base"}])
AttributeError: 'dict' object has no attribute 'json'
2025-12-04 08:32:33,949 - INFO - Бот запущен
2025-12-04 08:32:33,949 - INFO - Starting polling.
2025-12-04 08:32:35,625 - INFO - Получено сообщение от v.penkov@ayanation.bizml.ru: "/start"
2025-12-04 08:32:35,863 - INFO - Получено сообщение от v.penkov@ayanation.bizml.ru: "/start"
2025-12-04 08:32:38,407 - INFO - calendar
2025-12-04 08:33:57,300 - INFO - Бот запущен
2025-12-04 08:33:57,301 - INFO - Starting polling.
2025-12-04 08:34:01,647 - INFO - task_today
2025-12-04 08:34:53,316 - INFO - Бот запущен
2025-12-04 08:34:53,316 - INFO - Starting polling.
2025-12-04 08:35:03,133 - INFO - Получено сообщение от v.penkov@ayanation.bizml.ru: "/start"
2025-12-04 08:35:03,293 - INFO - Получено сообщение от v.penkov@ayanation.bizml.ru: "/start"
2025-12-04 08:35:08,210 - INFO - task_today
2025-12-04 08:35:17,976 - INFO - calendar
2025-12-04 08:43:45,205 - INFO - Бот запущен
2025-12-04 08:43:45,205 - INFO - Starting polling.
2025-12-04 08:43:50,296 - INFO - task_today
2025-12-04 08:43:52,415 - INFO - calendar
2025-12-04 08:46:41,465 - INFO - Бот запущен
2025-12-04 08:46:41,465 - INFO - Starting polling.
2025-12-04 08:47:01,168 - INFO - Получено сообщение от v.penkov@ayanation.bizml.ru: "/start"
2025-12-04 08:47:01,329 - INFO - Получено сообщение от v.penkov@ayanation.bizml.ru: "/start"
2025-12-04 08:47:22,255 - INFO - calendar
2025-12-04 08:47:26,006 - INFO - next_days_in_week_1
2025-12-04 08:47:26,006 - ERROR - Exception while dispatching event!
Traceback (most recent call last):
  File "C:\Users\Vlad\Desktop\VKTeams bot\VK_bot_venv\lib\site-packages\bot\dispatcher.py", line 25, in dispatch
    handler.handle(event=event, dispatcher=self)
  File "C:\Users\Vlad\Desktop\VKTeams bot\VK_bot_venv\lib\site-packages\bot\handler.py", line 23, in handle
    self.callback(bot=dispatcher.bot, event=event)
  File "c:\Users\Vlad\Desktop\VKTeams bot\vkteams_bot.py", line 87, in buttons_answer_cb
    bot.answer_callback_query(
TypeError: Bot.answer_callback_query() got an unexpected keyword argument 'parse_mode'
2025-12-04 08:49:56,882 - INFO - Бот запущен
2025-12-04 08:49:56,882 - INFO - Starting polling.
2025-12-04 08:50:01,067 - INFO - Получено сообщение от v.penkov@ayanation.bizml.ru: "/start"
2025-12-04 08:50:01,209 - INFO - Получено сообщение от v.penkov@ayanation.bizml.ru: "/start"
2025-12-04 08:50:02,706 - INFO - calendar
2025-12-04 08:50:04,112 - INFO - next_days_in_week_1
2025-12-04 08:50:04,112 - ERROR - Exception while dispatching event!
Traceback (most recent call last):
  File "C:\Users\Vlad\Desktop\VKTeams bot\VK_bot_venv\lib\site-packages\bot\dispatcher.py", line 25, in dispatch
    handler.handle(event=event, dispatcher=self)
  File "C:\Users\Vlad\Desktop\VKTeams bot\VK_bot_venv\lib\site-packages\bot\handler.py", line 23, in handle
    self.callback(bot=dispatcher.bot, event=event)
  File "c:\Users\Vlad\Desktop\VKTeams bot\vkteams_bot.py", line 87, in buttons_answer_cb
    bot.answer_callback_query(
TypeError: Bot.answer_callback_query() got an unexpected keyword argument 'inline_keyboard_markup'
2025-12-04 08:50:36,276 - INFO - Бот запущен
2025-12-04 08:50:36,276 - INFO - Starting polling.
2025-12-04 08:50:38,089 - INFO - Получено сообщение от v.penkov@ayanation.bizml.ru: "/start"
2025-12-04 08:50:38,306 - INFO - Получено сообщение от v.penkov@ayanation.bizml.ru: "/start"
2025-12-04 08:50:39,696 - INFO - calendar
2025-12-04 08:50:40,667 - INFO - next_days_in_week_1
2025-12-04 09:09:02,043 - INFO - Бот запущен
2025-12-04 09:09:02,043 - INFO - Starting polling.
2025-12-04 09:09:07,905 - INFO - Получено сообщение от v.penkov@ayanation.bizml.ru: "/start"
2025-12-04 09:09:08,053 - INFO - Получено сообщение от v.penkov@ayanation.bizml.ru: "/start"
2025-12-04 09:09:13,705 - INFO - task_today
2025-12-04 09:09:17,035 - INFO - calendar
2025-12-04 09:09:18,845 - INFO - next_days_in_week_1
2025-12-04 09:09:20,392 - INFO - next_days_in_week_2
2025-12-04 09:11:00,309 - INFO - Получено сообщение от v.penkov@ayanation.bizml.ru: "f"
2025-12-04 09:11:02,669 - INFO - Получено сообщение от v.penkov@ayanation.bizml.ru: "/start"
2025-12-04 09:11:02,800 - INFO - Получено сообщение от v.penkov@ayanation.bizml.ru: "/start"
2025-12-04 09:13:19,406 - INFO - Бот запущен
2025-12-04 09:13:19,406 - INFO - Starting polling.
2025-12-04 09:13:22,726 - INFO - Получено сообщение от v.penkov@ayanation.bizml.ru: "fdf"
2025-12-04 09:13:26,025 - INFO - Получено сообщение от v.penkov@ayanation.bizml.ru: "/start"
2025-12-04 09:13:26,244 - INFO - Получено сообщение от v.penkov@ayanation.bizml.ru: "/start"
2025-12-04 09:13:31,801 - INFO - task_today
2025-12-04 09:13:33,581 - INFO - calendar
2025-12-04 09:13:35,454 - INFO - next_days_in_week_1
2025-12-04 09:13:36,702 - INFO - next_days_in_week_2
2025-12-04 09:24:21,198 - INFO - Получено сообщение от v.penkov@ayanation.bizml.ru: "fg"
2025-12-04 09:24:24,476 - INFO - Получено сообщение от v.penkov@ayanation.bizml.ru: "/start"
2025-12-04 09:24:24,628 - INFO - Получено сообщение от v.penkov@ayanation.bizml.ru: "/start"
2025-12-04 09:24:26,595 - INFO - task_today
2025-12-04 09:24:28,145 - INFO - calendar
2025-12-04 09:24:29,864 - INFO - next_days_in_week_1
2025-12-04 09:24:30,938 - INFO - next_days_in_week_2
2025-12-04 10:07:23,589 - INFO - Получено сообщение от v.penkov@ayanation.bizml.ru: "п"
2025-12-04 10:07:26,402 - INFO - Получено сообщение от v.penkov@ayanation.bizml.ru: "/start"
2025-12-04 10:07:26,545 - INFO - Получено сообщение от v.penkov@ayanation.bizml.ru: "/start"
2025-12-04 21:16:22,610 - INFO - Бот запущен
2025-12-04 21:16:22,610 - INFO - Starting polling.
2025-12-04 21:18:25,141 - INFO - Получено сообщение от v.penkov@ayanation.bizml.ru: "/start"
2025-12-04 21:18:25,284 - INFO - Получено сообщение от v.penkov@ayanation.bizml.ru: "/start"
2025-12-04 21:37:33,292 - INFO - Получено сообщение от v.penkov@ayanation.bizml.ru: "dfg"
2025-12-04 21:37:35,045 - INFO - Получено сообщение от v.penkov@ayanation.bizml.ru: "/start"
2025-12-04 21:37:35,181 - INFO - Получено сообщение от v.penkov@ayanation.bizml.ru: "/start"
2025-12-04 21:37:39,038 - INFO - task_today
2025-12-04 21:37:43,704 - INFO - calendar
2025-12-04 21:37:45,446 - INFO - next_days_in_week_1
2025-12-04 21:37:46,513 - INFO - next_days_in_week_2
2025-12-04 21:38:04,351 - INFO - call_back_id_5
2025-12-04 21:40:36,183 - INFO - Получено сообщение от v.penkov@ayanation.bizml.ru: "/start"
2025-12-04 21:40:36,336 - INFO - Получено сообщение от v.penkov@ayanation.bizml.ru: "/start"
2025-12-04 21:40:40,554 - INFO - calendar
2025-12-04 21:40:42,637 - INFO - next_days_in_week_1
2025-12-04 21:40:56,551 - INFO - next_days_in_week_2
2025-12-04 21:41:29,235 - INFO - call_back_id_5
2025-12-05 00:35:58,233 - INFO - next_days_in_week_2
2025-12-05 00:36:09,852 - INFO - call_back_id_5
2025-12-05 00:51:00,907 - INFO - calendar
2025-12-05 00:51:34,586 - INFO - call_back_id_3
2025-12-05 00:51:39,932 - INFO - call_back_id_4
2025-12-05 00:51:42,383 - INFO - call_back_id_5
2025-12-05 01:33:06,342 - INFO - Бот запущен
2025-12-05 01:33:06,342 - INFO - Starting polling.
2025-12-05 01:33:07,198 - INFO - next_days_in_week_1
2025-12-05 01:33:07,377 - INFO - next_days_in_week_2
2025-12-05 01:33:07,607 - INFO - Получено сообщение от v.penkov@ayanation.bizml.ru: "/start"
2025-12-05 01:33:07,845 - INFO - Получено сообщение от v.penkov@ayanation.bizml.ru: "/start"
2025-12-05 01:33:12,769 - INFO - task_today
2025-12-05 01:38:09,536 - INFO - Бот запущен
2025-12-05 01:38:09,536 - INFO - Starting polling.
2025-12-05 01:38:14,271 - INFO - task_today
2025-12-05 01:38:35,444 - INFO - task_ok
2025-12-05 01:38:35,810 - INFO - task_ok
2025-12-05 01:38:36,411 - INFO - task_ok
2025-12-05 01:38:37,837 - INFO - task_ok
2025-12-05 01:38:38,498 - INFO - task_ok
2025-12-05 02:05:39,301 - INFO - Бот запущен
2025-12-05 02:05:39,302 - INFO - Starting polling.
2025-12-05 02:05:48,184 - INFO - Получено сообщение от v.penkov@ayanation.bizml.ru: "/start"
2025-12-05 02:05:48,335 - INFO - Получено сообщение от v.penkov@ayanation.bizml.ru: "/start"
2025-12-05 02:05:50,033 - ERROR - Exception while dispatching event!
Traceback (most recent call last):
  File "C:\Users\Vlad\Desktop\VKTeams bot\VK_bot_venv\lib\site-packages\bot\dispatcher.py", line 25, in dispatch
    handler.handle(event=event, dispatcher=self)
  File "C:\Users\Vlad\Desktop\VKTeams bot\VK_bot_venv\lib\site-packages\bot\handler.py", line 23, in handle
    self.callback(bot=dispatcher.bot, event=event)
  File "c:\Users\Vlad\Desktop\VKTeams bot\vkteams_bot.py", line 56, in buttons_answer_cb
    chat_id = event.chat_id
AttributeError: 'Event' object has no attribute 'chat_id'
2025-12-05 02:06:19,368 - INFO - Бот запущен
2025-12-05 02:06:19,368 - INFO - Starting polling.
2025-12-05 02:06:21,294 - INFO - Получено сообщение от v.penkov@ayanation.bizml.ru: "/start"
2025-12-05 02:06:21,427 - INFO - Получено сообщение от v.penkov@ayanation.bizml.ru: "/start"
2025-12-05 02:06:22,707 - INFO - task_today
2025-12-05 02:06:33,496 - INFO - Получено сообщение от v.penkov@ayanation.bizml.ru: "/start"
2025-12-05 02:06:33,632 - INFO - Получено сообщение от v.penkov@ayanation.bizml.ru: "/start"
2025-12-05 02:06:35,207 - INFO - task_today
2025-12-05 02:06:36,976 - INFO - task_ok
2025-12-05 02:06:39,303 - INFO - task_ok
2025-12-05 02:06:39,870 - INFO - task_ok
2025-12-05 02:06:40,404 - INFO - task_ok
2025-12-05 02:07:02,211 - INFO - Получено сообщение от v.penkov@ayanation.bizml.ru: "/start"
2025-12-05 02:07:02,414 - INFO - Получено сообщение от v.penkov@ayanation.bizml.ru: "/start"
2025-12-05 02:09:07,997 - INFO - Бот запущен
2025-12-05 02:09:07,997 - INFO - Starting polling.
2025-12-05 02:09:13,627 - INFO - Получено сообщение от v.penkov@ayanation.bizml.ru: "/start"
2025-12-05 02:09:13,816 - INFO - Получено сообщение от v.penkov@ayanation.bizml.ru: "/start"
2025-12-05 02:09:16,882 - INFO - calendar
2025-12-05 02:09:18,708 - INFO - next_days_in_week_1
2025-12-05 02:09:31,636 - INFO - Получено сообщение от v.penkov@ayanation.bizml.ru: "/start"
2025-12-05 02:09:31,768 - INFO - Получено сообщение от v.penkov@ayanation.bizml.ru: "/start"
2025-12-05 02:09:33,229 - INFO - calendar
2025-12-05 02:09:36,179 - INFO - next_days_in_week_1
2025-12-05 02:09:38,309 - INFO - Получено сообщение от v.penkov@ayanation.bizml.ru: "/start"
2025-12-05 02:09:38,533 - INFO - Получено сообщение от v.penkov@ayanation.bizml.ru: "/start"
2025-12-05 02:13:07,008 - INFO - Бот запущен
2025-12-05 02:13:07,008 - INFO - Starting polling.
2025-12-05 02:13:09,664 - INFO - Получено сообщение от v.penkov@ayanation.bizml.ru: "/start"
2025-12-05 02:13:09,833 - INFO - Получено сообщение от v.penkov@ayanation.bizml.ru: "/start"
2025-12-05 02:13:11,016 - INFO - calendar
2025-12-05 02:13:12,370 - INFO - next_days_in_week_1
2025-12-05 02:14:27,015 - INFO - next_days_in_week_2
2025-12-05 02:14:38,063 - INFO - Бот запущен
2025-12-05 02:14:38,063 - INFO - Starting polling.
2025-12-05 02:14:40,584 - INFO - Получено сообщение от v.penkov@ayanation.bizml.ru: "/start"
2025-12-05 02:14:40,762 - INFO - Получено сообщение от v.penkov@ayanation.bizml.ru: "/start"
2025-12-05 02:14:42,099 - INFO - calendar
2025-12-05 02:14:44,665 - INFO - next_days_in_week_1
2025-12-05 02:15:04,516 - INFO - next_days_in_week_1
2025-12-05 02:15:25,824 - INFO - Бот запущен
2025-12-05 02:15:25,824 - INFO - Starting polling.
2025-12-05 02:15:30,180 - INFO - Получено сообщение от v.penkov@ayanation.bizml.ru: "/start"
2025-12-05 02:15:30,326 - INFO - Получено сообщение от v.penkov@ayanation.bizml.ru: "/start"
2025-12-05 02:15:31,955 - INFO - calendar
2025-12-05 02:15:33,298 - INFO - next_days_in_week_1
2025-12-05 02:15:47,993 - INFO - next_days_in_week_2
2025-12-05 02:15:49,619 - INFO - next_days_in_week_1
2025-12-05 02:16:22,724 - INFO - Получено сообщение от v.penkov@ayanation.bizml.ru: "/start"
2025-12-05 02:16:22,859 - INFO - Получено сообщение от v.penkov@ayanation.bizml.ru: "/start"
2025-12-05 02:16:29,092 - INFO - task_today
2025-12-05 02:16:31,978 - INFO - task_ok
2025-12-05 02:16:32,863 - INFO - task_ok
2025-12-05 02:16:33,276 - INFO - task_ok
2025-12-05 02:16:33,700 - INFO - task_ok
2025-12-05 02:16:39,830 - INFO - Получено сообщение от v.penkov@ayanation.bizml.ru: "/start"
2025-12-05 02:16:40,001 - INFO - Получено сообщение от v.penkov@ayanation.bizml.ru: "/start"
2025-12-05 02:16:41,674 - INFO - task_today
2025-12-05 02:17:11,794 - INFO - Получено сообщение от v.penkov@ayanation.bizml.ru: "/start"
2025-12-05 02:17:11,955 - INFO - Получено сообщение от v.penkov@ayanation.bizml.ru: "/start"
2025-12-05 02:18:33,992 - INFO - task_today
2025-12-05 02:18:34,194 - INFO - task_today
2025-12-05 02:20:56,722 - INFO - task_ok
2025-12-05 02:24:37,304 - INFO - Бот запущен
2025-12-05 02:24:37,304 - INFO - Starting polling.
2025-12-05 02:24:39,505 - INFO - Получено сообщение от v.penkov@ayanation.bizml.ru: "/start"
2025-12-05 02:24:39,707 - INFO - Получено сообщение от v.penkov@ayanation.bizml.ru: "/start"
2025-12-05 02:24:41,265 - INFO - calendar
2025-12-05 02:24:50,685 - INFO - next_days_in_week_1
2025-12-05 02:24:56,290 - INFO - start_menu
2025-12-05 02:25:23,072 - INFO - Бот запущен
2025-12-05 02:25:23,072 - INFO - Starting polling.
2025-12-05 02:25:26,533 - INFO - Получено сообщение от v.penkov@ayanation.bizml.ru: "/start"
2025-12-05 02:25:26,689 - INFO - Получено сообщение от v.penkov@ayanation.bizml.ru: "/start"
2025-12-05 02:25:27,810 - INFO - task_today
2025-12-05 02:25:31,269 - INFO - start_menu
2025-12-05 02:25:33,115 - INFO - calendar
2025-12-05 02:25:44,546 - INFO - next_days_in_week_1
2025-12-05 02:25:46,199 - INFO - start_menu
2025-12-05 02:25:48,427 - INFO - call_back_id_5
2025-12-05 02:25:51,697 - INFO - calendar
2025-12-05 05:59:53,344 - INFO - Бот запущен
2025-12-05 05:59:53,344 - INFO - Starting polling.
2025-12-05 06:00:09,754 - ERROR - Exception while dispatching event!
Traceback (most recent call last):
  File "C:\Users\Vlad\Desktop\VKTeams bot\VK_bot_venv\lib\site-packages\bot\dispatcher.py", line 25, in dispatch
    handler.handle(event=event, dispatcher=self)
  File "C:\Users\Vlad\Desktop\VKTeams bot\VK_bot_venv\lib\site-packages\bot\handler.py", line 23, in handle
    self.callback(bot=dispatcher.bot, event=event)
  File "c:\Users\Vlad\Desktop\VKTeams bot\vkteams_bot.py", line 47, in start_cb
    user_data[chat_id]['AI_agent'] = False
KeyError: 'v.penkov@ayanation.bizml.ru'
2025-12-05 06:01:23,953 - INFO - Бот запущен
2025-12-05 06:01:23,953 - INFO - Starting polling.
2025-12-05 06:01:31,691 - ERROR - Exception while dispatching event!
Traceback (most recent call last):
  File "C:\Users\Vlad\Desktop\VKTeams bot\VK_bot_venv\lib\site-packages\bot\dispatcher.py", line 25, in dispatch
    handler.handle(event=event, dispatcher=self)
  File "C:\Users\Vlad\Desktop\VKTeams bot\VK_bot_venv\lib\site-packages\bot\handler.py", line 23, in handle
    self.callback(bot=dispatcher.bot, event=event)
  File "c:\Users\Vlad\Desktop\VKTeams bot\vkteams_bot.py", line 48, in start_cb
    user_data[chat_id]['AI_agent'] = False
KeyError: 'v.penkov@ayanation.bizml.ru'
2025-12-05 06:01:49,325 - INFO - Бот запущен
2025-12-05 06:01:49,326 - INFO - Starting polling.
2025-12-05 06:01:50,672 - ERROR - Exception while dispatching event!
Traceback (most recent call last):
  File "C:\Users\Vlad\Desktop\VKTeams bot\VK_bot_venv\lib\site-packages\bot\dispatcher.py", line 25, in dispatch
    handler.handle(event=event, dispatcher=self)
  File "C:\Users\Vlad\Desktop\VKTeams bot\VK_bot_venv\lib\site-packages\bot\handler.py", line 23, in handle
    self.callback(bot=dispatcher.bot, event=event)
  File "c:\Users\Vlad\Desktop\VKTeams bot\vkteams_bot.py", line 48, in start_cb
    user_data[chat_id]['AI_agent'] = False
KeyError: 'v.penkov@ayanation.bizml.ru'
2025-12-05 06:03:26,385 - INFO - Бот запущен
2025-12-05 06:03:26,385 - INFO - Starting polling.
2025-12-05 06:03:28,216 - INFO - Получено сообщение от v.penkov@ayanation.bizml.ru: "/start"
2025-12-05 06:03:28,352 - INFO - Получено сообщение от v.penkov@ayanation.bizml.ru: "/start"
2025-12-05 06:03:28,352 - ERROR - Exception while dispatching event!
Traceback (most recent call last):
  File "C:\Users\Vlad\Desktop\VKTeams bot\VK_bot_venv\lib\site-packages\bot\dispatcher.py", line 25, in dispatch
    handler.handle(event=event, dispatcher=self)
  File "C:\Users\Vlad\Desktop\VKTeams bot\VK_bot_venv\lib\site-packages\bot\handler.py", line 23, in handle
    self.callback(bot=dispatcher.bot, event=event)
  File "c:\Users\Vlad\Desktop\VKTeams bot\vkteams_bot.py", line 40, in message_cb
    bot.send_text(chat_id=event.from_chat, text=msg_bot,inline_keyboard_markup="{}".format(json.dumps([
UnboundLocalError: local variable 'msg_bot' referenced before assignment
2025-12-05 06:03:30,869 - INFO - AI_agent
2025-12-05 06:03:39,658 - INFO - start_menu
2025-12-05 06:06:05,430 - INFO - Получено сообщение от v.penkov@ayanation.bizml.ru: "/start"
2025-12-05 06:06:05,623 - INFO - Получено сообщение от v.penkov@ayanation.bizml.ru: "/start"
2025-12-05 06:06:05,623 - ERROR - Exception while dispatching event!
Traceback (most recent call last):
  File "C:\Users\Vlad\Desktop\VKTeams bot\VK_bot_venv\lib\site-packages\bot\dispatcher.py", line 25, in dispatch
    handler.handle(event=event, dispatcher=self)
  File "C:\Users\Vlad\Desktop\VKTeams bot\VK_bot_venv\lib\site-packages\bot\handler.py", line 23, in handle
    self.callback(bot=dispatcher.bot, event=event)
  File "c:\Users\Vlad\Desktop\VKTeams bot\vkteams_bot.py", line 40, in message_cb
    bot.send_text(chat_id=event.from_chat, text=msg_bot,inline_keyboard_markup="{}".format(json.dumps([
UnboundLocalError: local variable 'msg_bot' referenced before assignment
2025-12-05 06:06:11,172 - INFO - AI_agent
2025-12-05 06:06:48,067 - INFO - Бот запущен
2025-12-05 06:06:48,069 - INFO - Starting polling.
2025-12-05 06:06:53,577 - INFO - Получено сообщение от v.penkov@ayanation.bizml.ru: "/start"
2025-12-05 06:06:53,746 - INFO - Получено сообщение от v.penkov@ayanation.bizml.ru: "/start"
2025-12-05 06:06:53,746 - ERROR - Exception while dispatching event!
Traceback (most recent call last):
  File "C:\Users\Vlad\Desktop\VKTeams bot\VK_bot_venv\lib\site-packages\bot\dispatcher.py", line 25, in dispatch
    handler.handle(event=event, dispatcher=self)
  File "C:\Users\Vlad\Desktop\VKTeams bot\VK_bot_venv\lib\site-packages\bot\handler.py", line 23, in handle
    self.callback(bot=dispatcher.bot, event=event)
  File "c:\Users\Vlad\Desktop\VKTeams bot\vkteams_bot.py", line 40, in message_cb
    bot.send_text(chat_id=event.from_chat, text=msg_bot,inline_keyboard_markup="{}".format(json.dumps([
UnboundLocalError: local variable 'msg_bot' referenced before assignment
2025-12-05 06:06:56,452 - INFO - AI_agent
2025-12-05 06:07:15,263 - INFO - Получено сообщение от v.penkov@ayanation.bizml.ru: "не могу отправить сообщение"
2025-12-05 06:09:09,819 - INFO - Бот запущен
2025-12-05 06:09:09,819 - INFO - Starting polling.
2025-12-05 06:09:12,366 - INFO - Получено сообщение от v.penkov@ayanation.bizml.ru: "/start"
2025-12-05 06:09:12,545 - INFO - Получено сообщение от v.penkov@ayanation.bizml.ru: "/start"
2025-12-05 06:09:12,545 - ERROR - Exception while dispatching event!
Traceback (most recent call last):
  File "C:\Users\Vlad\Desktop\VKTeams bot\VK_bot_venv\lib\site-packages\bot\dispatcher.py", line 25, in dispatch
    handler.handle(event=event, dispatcher=self)
  File "C:\Users\Vlad\Desktop\VKTeams bot\VK_bot_venv\lib\site-packages\bot\handler.py", line 23, in handle
    self.callback(bot=dispatcher.bot, event=event)
  File "c:\Users\Vlad\Desktop\VKTeams bot\vkteams_bot.py", line 41, in message_cb
    bot.send_text(chat_id=event.from_chat, text=msg_bot,inline_keyboard_markup="{}".format(json.dumps([
UnboundLocalError: local variable 'msg_bot' referenced before assignment
2025-12-05 06:09:14,611 - INFO - AI_agent
2025-12-05 06:09:18,565 - INFO - Получено сообщение от v.penkov@ayanation.bizml.ru: "помогои"
2025-12-05 06:09:52,761 - INFO - Бот запущен
2025-12-05 06:09:52,761 - INFO - Starting polling.
2025-12-05 06:09:54,715 - INFO - Получено сообщение от v.penkov@ayanation.bizml.ru: "/start"
2025-12-05 06:09:54,846 - INFO - Получено сообщение от v.penkov@ayanation.bizml.ru: "/start"
2025-12-05 06:09:54,846 - ERROR - Exception while dispatching event!
Traceback (most recent call last):
  File "C:\Users\Vlad\Desktop\VKTeams bot\VK_bot_venv\lib\site-packages\bot\dispatcher.py", line 25, in dispatch
    handler.handle(event=event, dispatcher=self)
  File "C:\Users\Vlad\Desktop\VKTeams bot\VK_bot_venv\lib\site-packages\bot\handler.py", line 23, in handle
    self.callback(bot=dispatcher.bot, event=event)
  File "c:\Users\Vlad\Desktop\VKTeams bot\vkteams_bot.py", line 41, in message_cb
    bot.send_text(chat_id=event.from_chat, text=msg_bot,inline_keyboard_markup="{}".format(json.dumps([
UnboundLocalError: local variable 'msg_bot' referenced before assignment
2025-12-05 06:09:56,675 - INFO - AI_agent
2025-12-05 06:10:00,438 - INFO - Получено сообщение от v.penkov@ayanation.bizml.ru: "помоги"
2025-12-05 06:10:00,438 - ERROR - Exception while dispatching event!
Traceback (most recent call last):
  File "C:\Users\Vlad\Desktop\VKTeams bot\VK_bot_venv\lib\site-packages\bot\dispatcher.py", line 25, in dispatch
    handler.handle(event=event, dispatcher=self)
  File "C:\Users\Vlad\Desktop\VKTeams bot\VK_bot_venv\lib\site-packages\bot\handler.py", line 23, in handle
    self.callback(bot=dispatcher.bot, event=event)
  File "c:\Users\Vlad\Desktop\VKTeams bot\vkteams_bot.py", line 33, in message_cb
    msg_bot = ai_agent(msg_user)
TypeError: 'VKAgent' object is not callable
2025-12-05 06:10:13,162 - INFO - Получено сообщение от v.penkov@ayanation.bizml.ru: "/start"
2025-12-05 06:10:13,342 - INFO - Получено сообщение от v.penkov@ayanation.bizml.ru: "/start"
2025-12-05 06:10:13,342 - ERROR - Exception while dispatching event!
Traceback (most recent call last):
  File "C:\Users\Vlad\Desktop\VKTeams bot\VK_bot_venv\lib\site-packages\bot\dispatcher.py", line 25, in dispatch
    handler.handle(event=event, dispatcher=self)
  File "C:\Users\Vlad\Desktop\VKTeams bot\VK_bot_venv\lib\site-packages\bot\handler.py", line 23, in handle
    self.callback(bot=dispatcher.bot, event=event)
  File "c:\Users\Vlad\Desktop\VKTeams bot\vkteams_bot.py", line 41, in message_cb
    bot.send_text(chat_id=event.from_chat, text=msg_bot,inline_keyboard_markup="{}".format(json.dumps([
UnboundLocalError: local variable 'msg_bot' referenced before assignment
2025-12-05 06:10:15,299 - INFO - Получено сообщение от v.penkov@ayanation.bizml.ru: "а"
2025-12-05 06:10:18,619 - INFO - start_menu
2025-12-05 06:10:40,425 - INFO - Получено сообщение от v.penkov@ayanation.bizml.ru: "/start"
2025-12-05 06:10:40,566 - INFO - Получено сообщение от v.penkov@ayanation.bizml.ru: "/start"
2025-12-05 06:10:40,566 - ERROR - Exception while dispatching event!
Traceback (most recent call last):
  File "C:\Users\Vlad\Desktop\VKTeams bot\VK_bot_venv\lib\site-packages\bot\dispatcher.py", line 25, in dispatch
    handler.handle(event=event, dispatcher=self)
  File "C:\Users\Vlad\Desktop\VKTeams bot\VK_bot_venv\lib\site-packages\bot\handler.py", line 23, in handle
    self.callback(bot=dispatcher.bot, event=event)
  File "c:\Users\Vlad\Desktop\VKTeams bot\vkteams_bot.py", line 41, in message_cb
    bot.send_text(chat_id=event.from_chat, text=msg_bot,inline_keyboard_markup="{}".format(json.dumps([
UnboundLocalError: local variable 'msg_bot' referenced before assignment
2025-12-05 06:11:27,126 - INFO - Бот запущен
2025-12-05 06:11:27,127 - INFO - Starting polling.
2025-12-05 06:11:31,414 - INFO - Получено сообщение от v.penkov@ayanation.bizml.ru: "й"
2025-12-05 06:11:31,414 - ERROR - Exception while dispatching event!
Traceback (most recent call last):
  File "C:\Users\Vlad\Desktop\VKTeams bot\VK_bot_venv\lib\site-packages\bot\dispatcher.py", line 25, in dispatch
    handler.handle(event=event, dispatcher=self)
  File "C:\Users\Vlad\Desktop\VKTeams bot\VK_bot_venv\lib\site-packages\bot\handler.py", line 23, in handle
    self.callback(bot=dispatcher.bot, event=event)
  File "c:\Users\Vlad\Desktop\VKTeams bot\vkteams_bot.py", line 31, in message_cb
    print(user_data[chat_id]['AI_agent'])
KeyError: 'v.penkov@ayanation.bizml.ru'
2025-12-05 06:16:12,416 - INFO - Бот запущен
2025-12-05 06:16:12,416 - INFO - Starting polling.
2025-12-05 06:16:18,648 - INFO - Получено сообщение от v.penkov@ayanation.bizml.ru: "/start"
2025-12-05 06:16:18,845 - INFO - Получено сообщение от v.penkov@ayanation.bizml.ru: "/start"
2025-12-05 06:16:18,845 - ERROR - Exception while dispatching event!
Traceback (most recent call last):
  File "C:\Users\Vlad\Desktop\VKTeams bot\VK_bot_venv\lib\site-packages\bot\dispatcher.py", line 25, in dispatch
    handler.handle(event=event, dispatcher=self)
  File "C:\Users\Vlad\Desktop\VKTeams bot\VK_bot_venv\lib\site-packages\bot\handler.py", line 23, in handle
    self.callback(bot=dispatcher.bot, event=event)
  File "c:\Users\Vlad\Desktop\VKTeams bot\vkteams_bot.py", line 44, in message_cb
    bot.send_text(chat_id=event.from_chat, text=msg_bot,inline_keyboard_markup="{}".format(json.dumps([
UnboundLocalError: local variable 'msg_bot' referenced before assignment
2025-12-05 06:17:36,649 - INFO - Бот запущен
2025-12-05 06:17:36,649 - INFO - Starting polling.
2025-12-05 06:17:41,050 - INFO - Получено сообщение от v.penkov@ayanation.bizml.ru: "а"
2025-12-05 06:17:44,192 - INFO - start_menu
2025-12-05 06:17:44,192 - ERROR - Exception while dispatching event!
Traceback (most recent call last):
  File "C:\Users\Vlad\Desktop\VKTeams bot\VK_bot_venv\lib\site-packages\bot\dispatcher.py", line 25, in dispatch
    handler.handle(event=event, dispatcher=self)
  File "C:\Users\Vlad\Desktop\VKTeams bot\VK_bot_venv\lib\site-packages\bot\handler.py", line 23, in handle
    self.callback(bot=dispatcher.bot, event=event)
  File "c:\Users\Vlad\Desktop\VKTeams bot\vkteams_bot.py", line 78, in buttons_answer_cb
    msg_id = user_data[chat_id]["main_msg_id"]
KeyError: 'main_msg_id'
2025-12-05 06:21:18,612 - INFO - Бот запущен
2025-12-05 06:21:18,613 - INFO - Starting polling.
2025-12-05 06:21:22,503 - INFO - Получено сообщение от v.penkov@ayanation.bizml.ru: "f"
2025-12-05 06:21:24,339 - INFO - start_menu
2025-12-05 06:21:31,921 - INFO - call_back_id_5
2025-12-05 06:23:10,554 - INFO - Бот запущен
2025-12-05 06:23:10,554 - INFO - Starting polling.
2025-12-05 06:23:13,936 - INFO - Получено сообщение от v.penkov@ayanation.bizml.ru: "g"
2025-12-05 06:23:15,527 - INFO - start_menu
2025-12-05 06:23:19,106 - INFO - AI_agent
2025-12-05 06:23:28,447 - INFO - Получено сообщение от v.penkov@ayanation.bizml.ru: "помоги"
2025-12-05 06:23:28,448 - ERROR - Exception while dispatching event!
Traceback (most recent call last):
  File "C:\Users\Vlad\Desktop\VKTeams bot\VK_bot_venv\lib\site-packages\bot\dispatcher.py", line 25, in dispatch
    handler.handle(event=event, dispatcher=self)
  File "C:\Users\Vlad\Desktop\VKTeams bot\VK_bot_venv\lib\site-packages\bot\handler.py", line 23, in handle
    self.callback(bot=dispatcher.bot, event=event)
  File "c:\Users\Vlad\Desktop\VKTeams bot\vkteams_bot.py", line 36, in message_cb
    msg_bot = ai_agent(msg_user)
TypeError: 'VKAgent' object is not callable
2025-12-05 06:24:36,602 - INFO - Бот запущен
2025-12-05 06:24:36,602 - INFO - Starting polling.
2025-12-05 06:24:57,657 - INFO - Бот запущен
2025-12-05 06:24:57,658 - INFO - Starting polling.
2025-12-05 06:25:15,080 - INFO - Получено сообщение от v.penkov@ayanation.bizml.ru: "f"
2025-12-05 06:25:17,045 - INFO - start_menu
2025-12-05 06:25:19,181 - INFO - AI_agent
2025-12-05 06:25:26,279 - INFO - Получено сообщение от v.penkov@ayanation.bizml.ru: "помоги"
2025-12-05 06:26:20,309 - INFO - start_menu
2025-12-05 06:42:27,107 - INFO - Бот запущен
2025-12-05 06:42:27,108 - INFO - Starting polling.
2025-12-05 06:42:51,600 - INFO - Получено сообщение от v.penkov@ayanation.bizml.ru: "jh"
2025-12-05 06:42:54,234 - INFO - start_menu
2025-12-05 06:42:57,808 - INFO - AI_agent
2025-12-05 06:45:03,789 - INFO - Бот запущен
2025-12-05 06:45:03,789 - INFO - Starting polling.
2025-12-05 06:45:51,116 - INFO - Бот запущен
2025-12-05 06:45:51,116 - INFO - Starting polling.
2025-12-05 06:46:28,193 - ERROR - Exception while dispatching event!
Traceback (most recent call last):
  File "C:\Users\Vlad\Desktop\VKTeams bot\VK_bot_venv\lib\site-packages\bot\dispatcher.py", line 25, in dispatch
    handler.handle(event=event, dispatcher=self)
  File "C:\Users\Vlad\Desktop\VKTeams bot\VK_bot_venv\lib\site-packages\bot\handler.py", line 23, in handle
    self.callback(bot=dispatcher.bot, event=event)
TypeError: send_picture() got an unexpected keyword argument 'event'
2025-12-05 06:47:59,808 - INFO - Бот запущен
2025-12-05 06:47:59,810 - INFO - Starting polling.
2025-12-05 06:48:01,789 - ERROR - Exception while dispatching event!
Traceback (most recent call last):
  File "C:\Users\Vlad\Desktop\VKTeams bot\VK_bot_venv\lib\site-packages\bot\dispatcher.py", line 25, in dispatch
    handler.handle(event=event, dispatcher=self)
  File "C:\Users\Vlad\Desktop\VKTeams bot\VK_bot_venv\lib\site-packages\bot\handler.py", line 23, in handle
    self.callback(bot=dispatcher.bot, event=event)
  File "c:\Users\Vlad\Desktop\VKTeams bot\test.py", line 30, in send_picture
    upload_url = bot.get_file_upload_url(chat_id=chat_id, file_type="image")
AttributeError: 'Bot' object has no attribute 'get_file_upload_url'
